============================= test session starts =============================
platform win32 -- Python 3.14.3, pytest-9.0.2, pluggy-1.6.0 -- C:\Users\sewell\AppData\Local\Python\pythoncore-3.14-64\python.exe
cachedir: .pytest_cache
rootdir: C:\Users\sewell\Documents\GitHub\soc_sewell
configfile: pyproject.toml
collecting ... collected 10 items

tests/test_tolansky_2026-05-13.py::test_successive_differences_uniform PASSED [ 10%]
tests/test_tolansky_2026-05-13.py::test_wls_known_answer PASSED          [ 20%]
tests/test_tolansky_2026-05-13.py::test_delta_ratio_matches_wavelength_ratio PASSED [ 30%]
tests/test_tolansky_2026-05-13.py::test_N_Delta_from_prior PASSED        [ 40%]
tests/test_tolansky_2026-05-13.py::test_benoit_d_recovery PASSED         [ 50%]
tests/test_tolansky_2026-05-13.py::test_alpha_recovery PASSED            [ 60%]
tests/test_tolansky_2026-05-13.py::test_two_sigma_fields PASSED          [ 70%]
tests/test_tolansky_2026-05-13.py::test_10col_line_id_family_split PASSED [ 80%]
tests/test_tolansky_2026-05-13.py::test_10col_line_id_overrides_amplitude PASSED [ 90%]
tests/test_tolansky_2026-05-13.py::test_10col_and_9col_give_same_result PASSED [100%]

============================== warnings summary ===============================
tests/test_tolansky_2026-05-13.py::test_10col_line_id_overrides_amplitude
  C:\Users\sewell\Documents\GitHub\soc_sewell\tests\test_tolansky_2026-05-13.py:224: RuntimeWarning: Y_B_obs = 6.000 outside expected range [0.15, 0.60].  Check exposure, dark subtraction, or family assignment.
    result = run_tolansky_2line(arr)

-- Docs: https://docs.pytest.org/en/stable/how-to/capture-warnings.html
======================== 10 passed, 1 warning in 3.26s ========================
